Arguments: 
  /usr/local/bin/node /home/igor/.yarn/bin/yarn.js add socket.io

PATH: 
  /home/igor/.yarn/bin:/home/igor/.config/yarn/global/node_modules/.bin:/home/igor/.yarn/bin:/home/igor/.config/yarn/global/node_modules/.bin:/home/igor/.zplugin/polaris/bin:/home/igor/.local/bin:/usr/local/sbin:/usr/local/bin:/usr/sbin:/usr/bin:/sbin:/bin:/usr/games:/usr/local/games:/snap/bin:/home/igor/Android/Sdk/emulator:/home/igor/Android/Sdk/tools:/home/igor/Android/Sdk/tools/bin:/home/igor/Android/Sdk/platform-tools:/home/igor/Android/Sdk/emulator:/home/igor/Android/Sdk/tools:/home/igor/Android/Sdk/tools/bin:/home/igor/Android/Sdk/platform-tools

Yarn version: 
  1.22.4

Node version: 
  12.16.3

Platform: 
  linux x64

Trace: 
  Error: EACCES: permission denied, mkdir '/home/igor/Documents/devRadar/api/node_modules/abbrev'

npm manifest: 
  {
    "name": "zhealth",
    "version": "1.0.0",
    "main": "src/server.js",
    "author": "Igorsteixeira94 <igorsteixeira94@gmail.com>",
    "license": "MIT",
    "description": "api para cadastro de prescrições medicas",
    "scripts": {
      "prerestart": "eslint --fix src",
      "server": "nodemon src/server.js"
    },
    "dependencies": {
      "axios": "^0.19.2",
      "cors": "^2.8.5",
      "dotenv": "^8.2.0",
      "express": "^4.17.1",
      "mongoose": "^5.9.16"
    },
    "devDependencies": {
      "eslint": "^6.8.0",
      "eslint-config-airbnb-base": "^14.1.0",
      "eslint-config-prettier": "^6.11.0",
      "eslint-plugin-import": "^2.20.2",
      "eslint-plugin-prettier": "^3.1.3",
      "nodemon": "^2.0.4",
      "prettier": "^2.0.5",
      "sucrase": "^3.15.0"
    }
  }

yarn manifest: 
  No manifest

Lockfile: 
  No lockfile
